[0.482s] DEBUG:colcon:Command line arguments: ['/usr/bin/colcon', 'list', '-p', '--base-paths', '/home/nvidia/ros2_uoa']
[0.482s] DEBUG:colcon:Parsed command line arguments: Namespace(allow_overriding=[], base_paths=['/home/nvidia/ros2_uoa'], build_base='build', ignore_user_meta=False, log_base=None, log_level=None, main=<bound method ListVerb.main of <colcon_package_information.verb.list.ListVerb object at 0xffff8d686d90>>, metas=['./colcon.meta'], mixin=None, mixin_files=None, mixin_verb=('list',), names_only=False, packages_above=None, packages_above_and_dependencies=None, packages_above_depth=None, packages_end=None, packages_ignore=None, packages_ignore_regex=None, packages_select=None, packages_select_build_failed=False, packages_select_by_dep=None, packages_select_regex=None, packages_select_test_failures=False, packages_skip=None, packages_skip_build_finished=False, packages_skip_by_dep=None, packages_skip_regex=None, packages_skip_test_passed=False, packages_skip_up_to=None, packages_start=None, packages_up_to=None, packages_up_to_regex=None, paths=None, paths_only=True, topological_graph=False, topological_graph_density=False, topological_graph_dot=False, topological_graph_dot_cluster=False, topological_graph_dot_include_skipped=False, topological_graph_legend=False, topological_order=False, verb_extension=<colcon_package_information.verb.list.ListVerb object at 0xffff8d686d90>, verb_name='list', verb_parser=<colcon_mixin.mixin.mixin_argument.MixinArgumentDecorator object at 0xffff8d62b1c0>)
[0.850s] Level 1:colcon.colcon_core.package_discovery:discover_packages(colcon_meta) check parameters
[0.851s] Level 1:colcon.colcon_core.package_discovery:discover_packages(recursive) check parameters
[0.851s] Level 1:colcon.colcon_core.package_discovery:discover_packages(ignore) check parameters
[0.851s] Level 1:colcon.colcon_core.package_discovery:discover_packages(path) check parameters
[0.851s] Level 1:colcon.colcon_core.package_discovery:discover_packages(recursive) discover
[0.851s] INFO:colcon.colcon_core.package_discovery:Crawling recursively for packages in '/home/nvidia/ros2_uoa'
[0.852s] Level 1:colcon.colcon_core.package_identification:_identify(/home/nvidia/ros2_uoa) by extensions ['ignore', 'ignore_ament_install']
[0.852s] Level 1:colcon.colcon_core.package_identification:_identify(/home/nvidia/ros2_uoa) by extension 'ignore'
[0.852s] Level 1:colcon.colcon_core.package_identification:_identify(/home/nvidia/ros2_uoa) by extension 'ignore_ament_install'
[0.852s] Level 1:colcon.colcon_core.package_identification:_identify(/home/nvidia/ros2_uoa) by extensions ['colcon_pkg']
[0.852s] Level 1:colcon.colcon_core.package_identification:_identify(/home/nvidia/ros2_uoa) by extension 'colcon_pkg'
[0.852s] Level 1:colcon.colcon_core.package_identification:_identify(/home/nvidia/ros2_uoa) by extensions ['colcon_meta']
[0.852s] Level 1:colcon.colcon_core.package_identification:_identify(/home/nvidia/ros2_uoa) by extension 'colcon_meta'
[0.852s] Level 1:colcon.colcon_core.package_identification:_identify(/home/nvidia/ros2_uoa) by extensions ['ros']
[0.852s] Level 1:colcon.colcon_core.package_identification:_identify(/home/nvidia/ros2_uoa) by extension 'ros'
[0.874s] Level 1:colcon.colcon_core.package_identification:_identify(/home/nvidia/ros2_uoa) by extensions ['cmake', 'python']
[0.874s] Level 1:colcon.colcon_core.package_identification:_identify(/home/nvidia/ros2_uoa) by extension 'cmake'
[0.875s] Level 1:colcon.colcon_core.package_identification:_identify(/home/nvidia/ros2_uoa) by extension 'python'
[0.875s] Level 1:colcon.colcon_core.package_identification:_identify(/home/nvidia/ros2_uoa) by extensions ['python_setup_py']
[0.875s] Level 1:colcon.colcon_core.package_identification:_identify(/home/nvidia/ros2_uoa) by extension 'python_setup_py'
[0.875s] Level 1:colcon.colcon_core.package_identification:_identify(/home/nvidia/ros2_uoa/build) by extensions ['ignore', 'ignore_ament_install']
[0.875s] Level 1:colcon.colcon_core.package_identification:_identify(/home/nvidia/ros2_uoa/build) by extension 'ignore'
[0.875s] Level 1:colcon.colcon_core.package_identification:_identify(/home/nvidia/ros2_uoa/build) ignored
[0.876s] Level 1:colcon.colcon_core.package_identification:_identify(/home/nvidia/ros2_uoa/install) by extensions ['ignore', 'ignore_ament_install']
[0.876s] Level 1:colcon.colcon_core.package_identification:_identify(/home/nvidia/ros2_uoa/install) by extension 'ignore'
[0.876s] Level 1:colcon.colcon_core.package_identification:_identify(/home/nvidia/ros2_uoa/install) ignored
[0.876s] Level 1:colcon.colcon_core.package_identification:_identify(/home/nvidia/ros2_uoa/log) by extensions ['ignore', 'ignore_ament_install']
[0.876s] Level 1:colcon.colcon_core.package_identification:_identify(/home/nvidia/ros2_uoa/log) by extension 'ignore'
[0.877s] Level 1:colcon.colcon_core.package_identification:_identify(/home/nvidia/ros2_uoa/log) ignored
[0.877s] Level 1:colcon.colcon_core.package_identification:_identify(/home/nvidia/ros2_uoa/src) by extensions ['ignore', 'ignore_ament_install']
[0.877s] Level 1:colcon.colcon_core.package_identification:_identify(/home/nvidia/ros2_uoa/src) by extension 'ignore'
[0.877s] Level 1:colcon.colcon_core.package_identification:_identify(/home/nvidia/ros2_uoa/src) by extension 'ignore_ament_install'
[0.877s] Level 1:colcon.colcon_core.package_identification:_identify(/home/nvidia/ros2_uoa/src) by extensions ['colcon_pkg']
[0.877s] Level 1:colcon.colcon_core.package_identification:_identify(/home/nvidia/ros2_uoa/src) by extension 'colcon_pkg'
[0.877s] Level 1:colcon.colcon_core.package_identification:_identify(/home/nvidia/ros2_uoa/src) by extensions ['colcon_meta']
[0.877s] Level 1:colcon.colcon_core.package_identification:_identify(/home/nvidia/ros2_uoa/src) by extension 'colcon_meta'
[0.877s] Level 1:colcon.colcon_core.package_identification:_identify(/home/nvidia/ros2_uoa/src) by extensions ['ros']
[0.878s] Level 1:colcon.colcon_core.package_identification:_identify(/home/nvidia/ros2_uoa/src) by extension 'ros'
[0.878s] Level 1:colcon.colcon_core.package_identification:_identify(/home/nvidia/ros2_uoa/src) by extensions ['cmake', 'python']
[0.878s] Level 1:colcon.colcon_core.package_identification:_identify(/home/nvidia/ros2_uoa/src) by extension 'cmake'
[0.878s] Level 1:colcon.colcon_core.package_identification:_identify(/home/nvidia/ros2_uoa/src) by extension 'python'
[0.878s] Level 1:colcon.colcon_core.package_identification:_identify(/home/nvidia/ros2_uoa/src) by extensions ['python_setup_py']
[0.878s] Level 1:colcon.colcon_core.package_identification:_identify(/home/nvidia/ros2_uoa/src) by extension 'python_setup_py'
[0.878s] Level 1:colcon.colcon_core.package_identification:_identify(/home/nvidia/ros2_uoa/src/obstacle_avoidance) by extensions ['ignore', 'ignore_ament_install']
[0.878s] Level 1:colcon.colcon_core.package_identification:_identify(/home/nvidia/ros2_uoa/src/obstacle_avoidance) by extension 'ignore'
[0.878s] Level 1:colcon.colcon_core.package_identification:_identify(/home/nvidia/ros2_uoa/src/obstacle_avoidance) by extension 'ignore_ament_install'
[0.879s] Level 1:colcon.colcon_core.package_identification:_identify(/home/nvidia/ros2_uoa/src/obstacle_avoidance) by extensions ['colcon_pkg']
[0.879s] Level 1:colcon.colcon_core.package_identification:_identify(/home/nvidia/ros2_uoa/src/obstacle_avoidance) by extension 'colcon_pkg'
[0.879s] Level 1:colcon.colcon_core.package_identification:_identify(/home/nvidia/ros2_uoa/src/obstacle_avoidance) by extensions ['colcon_meta']
[0.879s] Level 1:colcon.colcon_core.package_identification:_identify(/home/nvidia/ros2_uoa/src/obstacle_avoidance) by extension 'colcon_meta'
[0.879s] Level 1:colcon.colcon_core.package_identification:_identify(/home/nvidia/ros2_uoa/src/obstacle_avoidance) by extensions ['ros']
[0.879s] Level 1:colcon.colcon_core.package_identification:_identify(/home/nvidia/ros2_uoa/src/obstacle_avoidance) by extension 'ros'
[0.885s] DEBUG:colcon.colcon_core.package_identification:Package '/home/nvidia/ros2_uoa/src/obstacle_avoidance' with type 'ros.ament_python' and name 'obstacle_avoidance'
[0.885s] Level 1:colcon.colcon_core.package_discovery:discover_packages(recursive) using defaults
