running egg_info
creating ../../build/obstacle_avoidance/obstacle_avoidance.egg-info
writing ../../build/obstacle_avoidance/obstacle_avoidance.egg-info/PKG-INFO
writing dependency_links to ../../build/obstacle_avoidance/obstacle_avoidance.egg-info/dependency_links.txt
writing entry points to ../../build/obstacle_avoidance/obstacle_avoidance.egg-info/entry_points.txt
writing requirements to ../../build/obstacle_avoidance/obstacle_avoidance.egg-info/requires.txt
writing top-level names to ../../build/obstacle_avoidance/obstacle_avoidance.egg-info/top_level.txt
writing manifest file '../../build/obstacle_avoidance/obstacle_avoidance.egg-info/SOURCES.txt'
reading manifest file '../../build/obstacle_avoidance/obstacle_avoidance.egg-info/SOURCES.txt'
writing manifest file '../../build/obstacle_avoidance/obstacle_avoidance.egg-info/SOURCES.txt'
running build
running build_py
creating /home/nvidia/ros2_uoa/build/obstacle_avoidance/build
creating /home/nvidia/ros2_uoa/build/obstacle_avoidance/build/lib
creating /home/nvidia/ros2_uoa/build/obstacle_avoidance/build/lib/obstacle_avoidance
copying obstacle_avoidance/__init__.py -> /home/nvidia/ros2_uoa/build/obstacle_avoidance/build/lib/obstacle_avoidance
copying obstacle_avoidance/subscriber.py -> /home/nvidia/ros2_uoa/build/obstacle_avoidance/build/lib/obstacle_avoidance
copying obstacle_avoidance/publisher.py -> /home/nvidia/ros2_uoa/build/obstacle_avoidance/build/lib/obstacle_avoidance
copying obstacle_avoidance/set_mode_node_pymavlink.py -> /home/nvidia/ros2_uoa/build/obstacle_avoidance/build/lib/obstacle_avoidance
running install
running install_lib
creating /home/nvidia/ros2_uoa/install/obstacle_avoidance/lib/python3.8/site-packages/obstacle_avoidance
copying /home/nvidia/ros2_uoa/build/obstacle_avoidance/build/lib/obstacle_avoidance/__init__.py -> /home/nvidia/ros2_uoa/install/obstacle_avoidance/lib/python3.8/site-packages/obstacle_avoidance
copying /home/nvidia/ros2_uoa/build/obstacle_avoidance/build/lib/obstacle_avoidance/subscriber.py -> /home/nvidia/ros2_uoa/install/obstacle_avoidance/lib/python3.8/site-packages/obstacle_avoidance
copying /home/nvidia/ros2_uoa/build/obstacle_avoidance/build/lib/obstacle_avoidance/publisher.py -> /home/nvidia/ros2_uoa/install/obstacle_avoidance/lib/python3.8/site-packages/obstacle_avoidance
copying /home/nvidia/ros2_uoa/build/obstacle_avoidance/build/lib/obstacle_avoidance/set_mode_node_pymavlink.py -> /home/nvidia/ros2_uoa/install/obstacle_avoidance/lib/python3.8/site-packages/obstacle_avoidance
byte-compiling /home/nvidia/ros2_uoa/install/obstacle_avoidance/lib/python3.8/site-packages/obstacle_avoidance/__init__.py to __init__.cpython-38.pyc
byte-compiling /home/nvidia/ros2_uoa/install/obstacle_avoidance/lib/python3.8/site-packages/obstacle_avoidance/subscriber.py to subscriber.cpython-38.pyc
byte-compiling /home/nvidia/ros2_uoa/install/obstacle_avoidance/lib/python3.8/site-packages/obstacle_avoidance/publisher.py to publisher.cpython-38.pyc
byte-compiling /home/nvidia/ros2_uoa/install/obstacle_avoidance/lib/python3.8/site-packages/obstacle_avoidance/set_mode_node_pymavlink.py to set_mode_node_pymavlink.cpython-38.pyc
running install_data
creating /home/nvidia/ros2_uoa/install/obstacle_avoidance/share/ament_index
creating /home/nvidia/ros2_uoa/install/obstacle_avoidance/share/ament_index/resource_index
creating /home/nvidia/ros2_uoa/install/obstacle_avoidance/share/ament_index/resource_index/packages
copying resource/obstacle_avoidance -> /home/nvidia/ros2_uoa/install/obstacle_avoidance/share/ament_index/resource_index/packages
copying package.xml -> /home/nvidia/ros2_uoa/install/obstacle_avoidance/share/obstacle_avoidance
copying launch/obd_launch.py -> /home/nvidia/ros2_uoa/install/obstacle_avoidance/share/obstacle_avoidance
copying launch_sub/sub_launch.py -> /home/nvidia/ros2_uoa/install/obstacle_avoidance/share/obstacle_avoidance
creating /home/nvidia/ros2_uoa/install/obstacle_avoidance/share/obstacle_avoidance/config
copying config/obd_config.yaml -> /home/nvidia/ros2_uoa/install/obstacle_avoidance/share/obstacle_avoidance/config
running install_egg_info
Copying ../../build/obstacle_avoidance/obstacle_avoidance.egg-info to /home/nvidia/ros2_uoa/install/obstacle_avoidance/lib/python3.8/site-packages/obstacle_avoidance-0.0.0-py3.8.egg-info
running install_scripts
Installing publisher script to /home/nvidia/ros2_uoa/install/obstacle_avoidance/lib/obstacle_avoidance
Installing set_mode_node_pymavlink script to /home/nvidia/ros2_uoa/install/obstacle_avoidance/lib/obstacle_avoidance
Installing subscriber script to /home/nvidia/ros2_uoa/install/obstacle_avoidance/lib/obstacle_avoidance
writing list of installed files to '/home/nvidia/ros2_uoa/build/obstacle_avoidance/install.log'
