[1.354s] Invoking command in '/home/nvidia/ros2_uoa/src/obstacle_avoidance': PYTHONPATH=/home/nvidia/ros2_uoa/build/obstacle_avoidance/prefix_override:/usr/lib/python3/dist-packages/colcon_core/task/python/colcon_distutils_commands:/home/nvidia/ros2_uoa/install/obstacle_avoidance/lib/python3.8/site-packages:${PYTHONPATH} /usr/bin/python3 -W ignore:setup.py install is deprecated -W ignore:easy_install command is deprecated setup.py egg_info --egg-base ../../build/obstacle_avoidance build --build-base /home/nvidia/ros2_uoa/build/obstacle_avoidance/build install --record /home/nvidia/ros2_uoa/build/obstacle_avoidance/install.log --install-scripts $base/lib/obstacle_avoidance --single-version-externally-managed install_data
[1.788s] running egg_info
[1.789s] creating ../../build/obstacle_avoidance/obstacle_avoidance.egg-info
[1.789s] writing ../../build/obstacle_avoidance/obstacle_avoidance.egg-info/PKG-INFO
[1.789s] writing dependency_links to ../../build/obstacle_avoidance/obstacle_avoidance.egg-info/dependency_links.txt
[1.790s] writing entry points to ../../build/obstacle_avoidance/obstacle_avoidance.egg-info/entry_points.txt
[1.790s] writing requirements to ../../build/obstacle_avoidance/obstacle_avoidance.egg-info/requires.txt
[1.790s] writing top-level names to ../../build/obstacle_avoidance/obstacle_avoidance.egg-info/top_level.txt
[1.795s] writing manifest file '../../build/obstacle_avoidance/obstacle_avoidance.egg-info/SOURCES.txt'
[1.844s] reading manifest file '../../build/obstacle_avoidance/obstacle_avoidance.egg-info/SOURCES.txt'
[1.845s] writing manifest file '../../build/obstacle_avoidance/obstacle_avoidance.egg-info/SOURCES.txt'
[1.845s] running build
[1.845s] running build_py
[1.846s] creating /home/nvidia/ros2_uoa/build/obstacle_avoidance/build
[1.846s] creating /home/nvidia/ros2_uoa/build/obstacle_avoidance/build/lib
[1.847s] creating /home/nvidia/ros2_uoa/build/obstacle_avoidance/build/lib/obstacle_avoidance
[1.847s] copying obstacle_avoidance/__init__.py -> /home/nvidia/ros2_uoa/build/obstacle_avoidance/build/lib/obstacle_avoidance
[1.847s] copying obstacle_avoidance/subscriber.py -> /home/nvidia/ros2_uoa/build/obstacle_avoidance/build/lib/obstacle_avoidance
[1.847s] copying obstacle_avoidance/publisher.py -> /home/nvidia/ros2_uoa/build/obstacle_avoidance/build/lib/obstacle_avoidance
[1.848s] copying obstacle_avoidance/set_mode_node_pymavlink.py -> /home/nvidia/ros2_uoa/build/obstacle_avoidance/build/lib/obstacle_avoidance
[1.848s] running install
[1.849s] running install_lib
[1.851s] creating /home/nvidia/ros2_uoa/install/obstacle_avoidance/lib/python3.8/site-packages/obstacle_avoidance
[1.851s] copying /home/nvidia/ros2_uoa/build/obstacle_avoidance/build/lib/obstacle_avoidance/__init__.py -> /home/nvidia/ros2_uoa/install/obstacle_avoidance/lib/python3.8/site-packages/obstacle_avoidance
[1.851s] copying /home/nvidia/ros2_uoa/build/obstacle_avoidance/build/lib/obstacle_avoidance/subscriber.py -> /home/nvidia/ros2_uoa/install/obstacle_avoidance/lib/python3.8/site-packages/obstacle_avoidance
[1.852s] copying /home/nvidia/ros2_uoa/build/obstacle_avoidance/build/lib/obstacle_avoidance/publisher.py -> /home/nvidia/ros2_uoa/install/obstacle_avoidance/lib/python3.8/site-packages/obstacle_avoidance
[1.852s] copying /home/nvidia/ros2_uoa/build/obstacle_avoidance/build/lib/obstacle_avoidance/set_mode_node_pymavlink.py -> /home/nvidia/ros2_uoa/install/obstacle_avoidance/lib/python3.8/site-packages/obstacle_avoidance
[1.852s] byte-compiling /home/nvidia/ros2_uoa/install/obstacle_avoidance/lib/python3.8/site-packages/obstacle_avoidance/__init__.py to __init__.cpython-38.pyc
[1.855s] byte-compiling /home/nvidia/ros2_uoa/install/obstacle_avoidance/lib/python3.8/site-packages/obstacle_avoidance/subscriber.py to subscriber.cpython-38.pyc
[1.856s] byte-compiling /home/nvidia/ros2_uoa/install/obstacle_avoidance/lib/python3.8/site-packages/obstacle_avoidance/publisher.py to publisher.cpython-38.pyc
[1.859s] byte-compiling /home/nvidia/ros2_uoa/install/obstacle_avoidance/lib/python3.8/site-packages/obstacle_avoidance/set_mode_node_pymavlink.py to set_mode_node_pymavlink.cpython-38.pyc
[1.860s] running install_data
[1.860s] creating /home/nvidia/ros2_uoa/install/obstacle_avoidance/share/ament_index
[1.860s] creating /home/nvidia/ros2_uoa/install/obstacle_avoidance/share/ament_index/resource_index
[1.861s] creating /home/nvidia/ros2_uoa/install/obstacle_avoidance/share/ament_index/resource_index/packages
[1.861s] copying resource/obstacle_avoidance -> /home/nvidia/ros2_uoa/install/obstacle_avoidance/share/ament_index/resource_index/packages
[1.861s] copying package.xml -> /home/nvidia/ros2_uoa/install/obstacle_avoidance/share/obstacle_avoidance
[1.861s] copying launch/obd_launch.py -> /home/nvidia/ros2_uoa/install/obstacle_avoidance/share/obstacle_avoidance
[1.862s] copying launch_sub/sub_launch.py -> /home/nvidia/ros2_uoa/install/obstacle_avoidance/share/obstacle_avoidance
[1.862s] creating /home/nvidia/ros2_uoa/install/obstacle_avoidance/share/obstacle_avoidance/config
[1.862s] copying config/obd_config.yaml -> /home/nvidia/ros2_uoa/install/obstacle_avoidance/share/obstacle_avoidance/config
[1.862s] running install_egg_info
[1.864s] Copying ../../build/obstacle_avoidance/obstacle_avoidance.egg-info to /home/nvidia/ros2_uoa/install/obstacle_avoidance/lib/python3.8/site-packages/obstacle_avoidance-0.0.0-py3.8.egg-info
[1.866s] running install_scripts
[1.894s] Installing publisher script to /home/nvidia/ros2_uoa/install/obstacle_avoidance/lib/obstacle_avoidance
[1.894s] Installing set_mode_node_pymavlink script to /home/nvidia/ros2_uoa/install/obstacle_avoidance/lib/obstacle_avoidance
[1.895s] Installing subscriber script to /home/nvidia/ros2_uoa/install/obstacle_avoidance/lib/obstacle_avoidance
[1.895s] writing list of installed files to '/home/nvidia/ros2_uoa/build/obstacle_avoidance/install.log'
[1.946s] Invoked command in '/home/nvidia/ros2_uoa/src/obstacle_avoidance' returned '0': PYTHONPATH=/home/nvidia/ros2_uoa/build/obstacle_avoidance/prefix_override:/usr/lib/python3/dist-packages/colcon_core/task/python/colcon_distutils_commands:/home/nvidia/ros2_uoa/install/obstacle_avoidance/lib/python3.8/site-packages:${PYTHONPATH} /usr/bin/python3 -W ignore:setup.py install is deprecated -W ignore:easy_install command is deprecated setup.py egg_info --egg-base ../../build/obstacle_avoidance build --build-base /home/nvidia/ros2_uoa/build/obstacle_avoidance/build install --record /home/nvidia/ros2_uoa/build/obstacle_avoidance/install.log --install-scripts $base/lib/obstacle_avoidance --single-version-externally-managed install_data
