/home/nvidia/ros2_uoa/install/obstacle_avoidance/lib/python3.8/site-packages/obstacle_avoidance/__init__.py
/home/nvidia/ros2_uoa/install/obstacle_avoidance/lib/python3.8/site-packages/obstacle_avoidance/subscriber.py
/home/nvidia/ros2_uoa/install/obstacle_avoidance/lib/python3.8/site-packages/obstacle_avoidance/publisher.py
/home/nvidia/ros2_uoa/install/obstacle_avoidance/lib/python3.8/site-packages/obstacle_avoidance/set_mode_node_pymavlink.py
/home/nvidia/ros2_uoa/install/obstacle_avoidance/lib/python3.8/site-packages/obstacle_avoidance/__pycache__/__init__.cpython-38.pyc
/home/nvidia/ros2_uoa/install/obstacle_avoidance/lib/python3.8/site-packages/obstacle_avoidance/__pycache__/subscriber.cpython-38.pyc
/home/nvidia/ros2_uoa/install/obstacle_avoidance/lib/python3.8/site-packages/obstacle_avoidance/__pycache__/publisher.cpython-38.pyc
/home/nvidia/ros2_uoa/install/obstacle_avoidance/lib/python3.8/site-packages/obstacle_avoidance/__pycache__/set_mode_node_pymavlink.cpython-38.pyc
/home/nvidia/ros2_uoa/install/obstacle_avoidance/share/ament_index/resource_index/packages/obstacle_avoidance
/home/nvidia/ros2_uoa/install/obstacle_avoidance/share/obstacle_avoidance/package.xml
/home/nvidia/ros2_uoa/install/obstacle_avoidance/share/obstacle_avoidance/pub_launch.py
/home/nvidia/ros2_uoa/install/obstacle_avoidance/share/obstacle_avoidance/sub_launch.py
/home/nvidia/ros2_uoa/install/obstacle_avoidance/share/obstacle_avoidance/config/obd_config.yaml
/home/nvidia/ros2_uoa/install/obstacle_avoidance/lib/python3.8/site-packages/obstacle_avoidance-0.0.0-py3.8.egg-info/SOURCES.txt
/home/nvidia/ros2_uoa/install/obstacle_avoidance/lib/python3.8/site-packages/obstacle_avoidance-0.0.0-py3.8.egg-info/dependency_links.txt
/home/nvidia/ros2_uoa/install/obstacle_avoidance/lib/python3.8/site-packages/obstacle_avoidance-0.0.0-py3.8.egg-info/PKG-INFO
/home/nvidia/ros2_uoa/install/obstacle_avoidance/lib/python3.8/site-packages/obstacle_avoidance-0.0.0-py3.8.egg-info/zip-safe
/home/nvidia/ros2_uoa/install/obstacle_avoidance/lib/python3.8/site-packages/obstacle_avoidance-0.0.0-py3.8.egg-info/entry_points.txt
/home/nvidia/ros2_uoa/install/obstacle_avoidance/lib/python3.8/site-packages/obstacle_avoidance-0.0.0-py3.8.egg-info/top_level.txt
/home/nvidia/ros2_uoa/install/obstacle_avoidance/lib/python3.8/site-packages/obstacle_avoidance-0.0.0-py3.8.egg-info/requires.txt
/home/nvidia/ros2_uoa/install/obstacle_avoidance/lib/obstacle_avoidance/publisher
/home/nvidia/ros2_uoa/install/obstacle_avoidance/lib/obstacle_avoidance/set_mode_node_pymavlink
/home/nvidia/ros2_uoa/install/obstacle_avoidance/lib/obstacle_avoidance/subscriber
